# JRE version: OpenJDK Runtime Environment (11.0.16+8) (build 11.0.16+8-post-Ubuntu-0ubuntu122.04)
# Java VM: OpenJDK 64-Bit Server VM (11.0.16+8-post-Ubuntu-0ubuntu122.04, mixed mode, sharing, tiered, compressed oops, g1 gc, linux-amd64)
Heap:
 garbage-first heap   total 310272K, used 221166K [0x0000000080000000, 0x0000000100000000)
  region size 1024K, 74 young (75776K), 10 survivors (10240K)
 Metaspace       used 107725K, capacity 112043K, committed 112376K, reserved 614400K
  class space    used 14252K, capacity 15912K, committed 16000K, reserved 516096K
GC Heap History (20 events):
Event: 7.718 GC heap before
{Heap before GC invocations=9 (full 0):
 garbage-first heap   total 258048K, used 96505K [0x0000000080000000, 0x0000000100000000)
  region size 1024K, 63 young (64512K), 12 survivors (12288K)
 Metaspace       used 58226K, capacity 60141K, committed 60236K, reserved 569344K
  class space    used 8004K, capacity 8803K, committed 8832K, reserved 516096K
}
Event: 7.738 GC heap after
{Heap after GC invocations=10 (full 0):
 garbage-first heap   total 310272K, used 49145K [0x0000000080000000, 0x0000000100000000)
  region size 1024K, 9 young (9216K), 9 survivors (9216K)
 Metaspace       used 58226K, capacity 60141K, committed 60236K, reserved 569344K
  class space    used 8004K, capacity 8803K, committed 8832K, reserved 516096K
}
Event: 9.360 GC heap before
{Heap before GC invocations=11 (full 0):
 garbage-first heap   total 310272K, used 218105K [0x0000000080000000, 0x0000000100000000)
  region size 1024K, 170 young (174080K), 9 survivors (9216K)
 Metaspace       used 71285K, capacity 73604K, committed 73804K, reserved 579584K
  class space    used 9571K, capacity 10558K, committed 10624K, reserved 516096K
}
Event: 9.374 GC heap after
{Heap after GC invocations=12 (full 0):
 garbage-first heap   total 310272K, used 66912K [0x0000000080000000, 0x0000000100000000)
  region size 1024K, 22 young (22528K), 22 survivors (22528K)
 Metaspace       used 71285K, capacity 73604K, committed 73804K, reserved 579584K
  class space    used 9571K, capacity 10558K, committed 10624K, reserved 516096K
}
Event: 12.342 GC heap before
{Heap before GC invocations=12 (full 0):
 garbage-first heap   total 310272K, used 225632K [0x0000000080000000, 0x0000000100000000)
  region size 1024K, 177 young (181248K), 22 survivors (22528K)
 Metaspace       used 81179K, capacity 83800K, committed 84044K, reserved 589824K
  class space    used 11043K, capacity 12088K, committed 12160K, reserved 516096K
}
Event: 12.362 GC heap after
{Heap after GC invocations=13 (full 0):
 garbage-first heap   total 310272K, used 77924K [0x0000000080000000, 0x0000000100000000)
  region size 1024K, 12 young (12288K), 12 survivors (12288K)
 Metaspace       used 81179K, capacity 83800K, committed 84044K, reserved 589824K
  class space    used 11043K, capacity 12088K, committed 12160K, reserved 516096K
}
Event: 13.610 GC heap before
{Heap before GC invocations=13 (full 0):
 garbage-first heap   total 310272K, used 234596K [0x0000000080000000, 0x0000000100000000)
  region size 1024K, 162 young (165888K), 12 survivors (12288K)
 Metaspace       used 86845K, capacity 90029K, committed 90188K, reserved 593920K
  class space    used 11830K, capacity 13102K, committed 13184K, reserved 516096K
}
Event: 13.625 GC heap after
{Heap after GC invocations=14 (full 0):
 garbage-first heap   total 310272K, used 97923K [0x0000000080000000, 0x0000000100000000)
  region size 1024K, 16 young (16384K), 16 survivors (16384K)
 Metaspace       used 86845K, capacity 90029K, committed 90188K, reserved 593920K
  class space    used 11830K, capacity 13102K, committed 13184K, reserved 516096K
}
Event: 14.779 GC heap before
{Heap before GC invocations=14 (full 0):
 garbage-first heap   total 310272K, used 240259K [0x0000000080000000, 0x0000000100000000)
  region size 1024K, 152 young (155648K), 16 survivors (16384K)
 Metaspace       used 92060K, capacity 95781K, committed 95948K, reserved 598016K
  class space    used 12484K, capacity 13959K, committed 14080K, reserved 516096K
}
Event: 14.796 GC heap after
{Heap after GC invocations=15 (full 0):
 garbage-first heap   total 310272K, used 119156K [0x0000000080000000, 0x0000000100000000)
  region size 1024K, 18 young (18432K), 18 survivors (18432K)
 Metaspace       used 92060K, capacity 95781K, committed 95948K, reserved 598016K
  class space    used 12484K, capacity 13959K, committed 14080K, reserved 516096K
}
Event: 76.960 GC heap before
{Heap before GC invocations=15 (full 0):
 garbage-first heap   total 310272K, used 237940K [0x0000000080000000, 0x0000000100000000)
  region size 1024K, 135 young (138240K), 18 survivors (18432K)
 Metaspace       used 95334K, capacity 99403K, committed 99660K, reserved 602112K
  class space    used 12836K, capacity 14365K, committed 14464K, reserved 516096K
}
Event: 76.977 GC heap after
{Heap after GC invocations=16 (full 0):
 garbage-first heap   total 310272K, used 132977K [0x0000000080000000, 0x0000000100000000)
  region size 1024K, 14 young (14336K), 14 survivors (14336K)
 Metaspace       used 95334K, capacity 99403K, committed 99660K, reserved 602112K
  class space    used 12836K, capacity 14365K, committed 14464K, reserved 516096K
}
Event: 77.352 GC heap before
{Heap before GC invocations=16 (full 0):
 garbage-first heap   total 310272K, used 178033K [0x0000000080000000, 0x0000000100000000)
  region size 1024K, 60 young (61440K), 14 survivors (14336K)
 Metaspace       used 96900K, capacity 100939K, committed 101036K, reserved 604160K
  class space    used 13058K, capacity 14571K, committed 14592K, reserved 516096K
}
Event: 77.380 GC heap after
{Heap after GC invocations=17 (full 0):
 garbage-first heap   total 310272K, used 139043K [0x0000000080000000, 0x0000000100000000)
  region size 1024K, 7 young (7168K), 7 survivors (7168K)
 Metaspace       used 96900K, capacity 100939K, committed 101036K, reserved 604160K
  class space    used 13058K, capacity 14571K, committed 14592K, reserved 516096K
}
Event: 79.134 GC heap before
{Heap before GC invocations=18 (full 0):
 garbage-first heap   total 310272K, used 245539K [0x0000000080000000, 0x0000000100000000)
  region size 1024K, 111 young (113664K), 7 survivors (7168K)
 Metaspace       used 102537K, capacity 106629K, committed 106872K, reserved 608256K
  class space    used 13707K, capacity 15310K, committed 15360K, reserved 516096K
}
Event: 79.148 GC heap after
{Heap after GC invocations=19 (full 0):
 garbage-first heap   total 310272K, used 151244K [0x0000000080000000, 0x0000000100000000)
  region size 1024K, 14 young (14336K), 14 survivors (14336K)
 Metaspace       used 102537K, capacity 106629K, committed 106872K, reserved 608256K
  class space    used 13707K, capacity 15310K, committed 15360K, reserved 516096K
}
Event: 79.158 GC heap before
{Heap before GC invocations=19 (full 0):
 garbage-first heap   total 310272K, used 152268K [0x0000000080000000, 0x0000000100000000)
  region size 1024K, 15 young (15360K), 14 survivors (14336K)
 Metaspace       used 102563K, capacity 106693K, committed 106872K, reserved 608256K
  class space    used 13711K, capacity 15310K, committed 15360K, reserved 516096K
}
Event: 79.168 GC heap after
{Heap after GC invocations=20 (full 0):
 garbage-first heap   total 310272K, used 150039K [0x0000000080000000, 0x0000000100000000)
  region size 1024K, 2 young (2048K), 2 survivors (2048K)
 Metaspace       used 102563K, capacity 106693K, committed 106872K, reserved 608256K
  class space    used 13711K, capacity 15310K, committed 15360K, reserved 516096K
}
Event: 79.907 GC heap before
{Heap before GC invocations=20 (full 0):
 garbage-first heap   total 310272K, used 246295K [0x0000000080000000, 0x0000000100000000)
  region size 1024K, 96 young (98304K), 2 survivors (2048K)
 Metaspace       used 106729K, capacity 110874K, committed 111096K, reserved 612352K
  class space    used 14103K, capacity 15703K, committed 15744K, reserved 516096K
}
Event: 79.936 GC heap after
{Heap after GC invocations=21 (full 0):
 garbage-first heap   total 310272K, used 157678K [0x0000000080000000, 0x0000000100000000)
  region size 1024K, 10 young (10240K), 10 survivors (10240K)
 Metaspace       used 106729K, capacity 110874K, committed 111096K, reserved 612352K
  class space    used 14103K, capacity 15703K, committed 15744K, reserved 516096K
}

